[dotenv@17.3.1] injecting env (16) from .env -- tip: ÔÜÖ´©Å  write to custom object with { processEnv: myObject }
[dotenv@17.3.1] injecting env (0) from .env -- tip: ÔÜÖ´©Å  load multiple .env files with { path: ['.env.local', '.env'] }
(node:13556) [DEP0169] DeprecationWarning: `url.parse()` behavior is not standardized and prone to errors that have security implications. Use the WHATWG URL API instead. CVEs are not issued for `url.parse()` vulnerabilities.
(Use `node --trace-deprecation ...` to show where the warning was created)
(node:13556) [DEP0040] DeprecationWarning: The `punycode` module is deprecated. Please use a userland alternative instead.
[00:35:34] [32mINFO[39m: [36m­ƒÜÇ Iniciando infraestructura de BullMQ (Graceful Degradation Mode)...[39m
[00:35:34] [32mINFO[39m: [36malertWorker (Legacy) importado. Las tareas ahora son administradas por BullMQ cronQueue.[39m
[00:35:34] [32mINFO[39m: [36m­ƒÜÇ Socket.io inicializado con soporte multi-tenant[39m
[00:35:34] [31mERROR[39m: [36mFATAL UNCAUGHT EXCEPTION CATCHED - Preveniendo ca├¡da del servidor[39m
    [35mstack[39m: "Error: listen EADDRINUSE: address already in use 0.0.0.0:5001\n    at Server.setupListenHandle [as _listen2] (node:net:1940:16)\n    at listenInCluster (node:net:1997:12)\n    at node:net:2206:7\n    at process.processTicksAndRejections (node:internal/process/task_queues:89:21)"
    error: "listen EADDRINUSE: address already in use 0.0.0.0:5001"
[00:35:34] [32mINFO[39m: [36mConectado a Redis Exitosamente[39m
[00:35:34] [32mINFO[39m: [36mCron Job [check-stock-vencimientos] registrado en BullMQ.[39m
    [35mcronTime[39m: "*/5 * * * *"
[00:35:34] [32mINFO[39m: [36mÔ£à BullMQ y Workers inicializados correctamente.[39m
[00:40:00] [32mINFO[39m: [36mEjecutando Cron Job...[39m
    [35mjobId[39m: "repeat:cce8fcc63a33900f8ed59e16271b89f7:1774150800000"
    [35mtype[39m: "check-stock-vencimientos"
[00:40:00] [32mINFO[39m: [36mConectado a SQL Server (Escritura)[39m
[00:45:00] [32mINFO[39m: [36mEjecutando Cron Job...[39m
    [35mjobId[39m: "repeat:cce8fcc63a33900f8ed59e16271b89f7:1774151100000"
    [35mtype[39m: "check-stock-vencimientos"
[00:45:00] [32mINFO[39m: [36mProcesando tarea de Email en Background[39m
    [35mjobId[39m: "295"
    [35mtype[39m: "alerta-stock"
[00:45:00] [33mWARN[39m: [36mEmail no configurado (SMTP_HOST is smtp.example.com). Saltando el env├¡o real de correo.[39m
    [35mto[39m: "edgardo@example.com"
[00:50:00] [32mINFO[39m: [36mEjecutando Cron Job...[39m
    [35mjobId[39m: "repeat:cce8fcc63a33900f8ed59e16271b89f7:1774151400000"
    [35mtype[39m: "check-stock-vencimientos"
[00:55:00] [32mINFO[39m: [36mEjecutando Cron Job...[39m
    [35mjobId[39m: "repeat:cce8fcc63a33900f8ed59e16271b89f7:1774151700000"
    [35mtype[39m: "check-stock-vencimientos"
