[dotenv@17.3.1] injecting env (7) from ..\.env -- tip: ÔÜÖ´©Å  specify custom .env file path with { path: '/custom/path/.env' }
--- Iniciando Migraci├│n Multi-Tenant (Phase 6) ---
Ô£à Conectado a SQL Server
Empresa base asegurada.
Migrando tabla Usuarios...
--- ERROR DURANTE LA MIGRACI├ôN ---
RequestError: Cannot find the object "Usuarios" because it does not exist or you do not have permissions.
    at handleError (C:\Users\egar0\stock-system\node_modules\mssql\lib\tedious\request.js:384:15)
    at Connection.emit (node:events:508:28)
    at Connection.emit (C:\Users\egar0\stock-system\node_modules\tedious\lib\connection.js:1013:18)
    at RequestTokenHandler.onErrorMessage (C:\Users\egar0\stock-system\node_modules\tedious\lib\token\handler.js:285:21)
    at Readable.<anonymous> (C:\Users\egar0\stock-system\node_modules\tedious\lib\token\token-stream-parser.js:19:33)
    at Readable.emit (node:events:508:28)
    at addChunk (node:internal/streams/readable:559:12)
    at readableAddChunkPushObjectMode (node:internal/streams/readable:536:3)
    at Readable.push (node:internal/streams/readable:391:5)
    at nextAsync (node:internal/streams/from:194:22) {
  code: 'EREQUEST',
  originalError: Error: Cannot find the object "Usuarios" because it does not exist or you do not have permissions.
      at handleError (C:\Users\egar0\stock-system\node_modules\mssql\lib\tedious\request.js:382:19)
      at Connection.emit (node:events:508:28)
      at Connection.emit (C:\Users\egar0\stock-system\node_modules\tedious\lib\connection.js:1013:18)
      at RequestTokenHandler.onErrorMessage (C:\Users\egar0\stock-system\node_modules\tedious\lib\token\handler.js:285:21)
      at Readable.<anonymous> (C:\Users\egar0\stock-system\node_modules\tedious\lib\token\token-stream-parser.js:19:33)
      at Readable.emit (node:events:508:28)
      at addChunk (node:internal/streams/readable:559:12)
      at readableAddChunkPushObjectMode (node:internal/streams/readable:536:3)
      at Readable.push (node:internal/streams/readable:391:5)
      at nextAsync (node:internal/streams/from:194:22) {
    info: ErrorMessageToken {
      name: 'ERROR',
      handlerName: 'onErrorMessage',
      number: 1088,
      state: 13,
      class: 16,
      message: 'Cannot find the object "Usuarios" because it does not exist or you do not have permissions.',
      serverName: 'Ed\\SQLEXPRESS',
      procName: '',
      lineNumber: 1
    }
  },
  number: 1088,
  lineNumber: 1,
  state: 13,
  class: 16,
  serverName: 'Ed\\SQLEXPRESS',
  procName: '',
  precedingErrors: []
}
