[dotenv@17.3.1] injecting env (7) from ..\.env -- tip: ÔÜÖ´©Å  load multiple .env files with { path: ['.env.local', '.env'] }
[dotenv@17.3.1] injecting env (0) from ..\.env -- tip: ­ƒøá´©Å  run anywhere with `dotenvx run -- yourcommand`
Servidor corriendo en puerto 5000
[0mOPTIONS /productos [32m200[0m 1.439 ms - 0[0m
Ô£à Conectado a SQL Server
[0mGET /productos [36m304[0m 396.469 ms - -[0m
[0mOPTIONS /movimientos/recientes [32m200[0m 0.187 ms - 0[0m
[0mGET /movimientos/recientes [36m304[0m 14.489 ms - -[0m
[0mOPTIONS /auth [32m200[0m 0.148 ms - 0[0m
[0mGET /auth [32m200[0m 7.313 ms - 143[0m
[0mOPTIONS /clientes [32m200[0m 0.146 ms - 0[0m
[0mOPTIONS /productos [32m200[0m 0.144 ms - 0[0m
[0mOPTIONS /empresa [32m200[0m 0.106 ms - 0[0m
[0mGET /clientes [36m304[0m 10.773 ms - -[0m
[0mGET /productos [36m304[0m 13.754 ms - -[0m
[0mGET /empresa [36m304[0m 15.376 ms - -[0m
[0mGET /clientes [36m304[0m 2.906 ms - -[0m
[0mGET /empresa [36m304[0m 4.757 ms - -[0m
[0mOPTIONS /auth [32m200[0m 0.079 ms - 0[0m
[0mGET /auth [36m304[0m 6.195 ms - -[0m
[0mOPTIONS /productos [32m200[0m 0.077 ms - 0[0m
[0mGET /productos [36m304[0m 3.544 ms - -[0m
[0mOPTIONS /movimientos/recientes [32m200[0m 0.067 ms - 0[0m
[0mGET /movimientos/recientes [36m304[0m 6.248 ms - -[0m
[0mGET /productos [36m304[0m 2.841 ms - -[0m
[0mOPTIONS /movimientos [32m200[0m 0.085 ms - 0[0m
[0mGET /productos [36m304[0m 5.603 ms - -[0m
[0mGET /movimientos [36m304[0m 4.589 ms - -[0m
[0mOPTIONS /clientes [32m200[0m 0.080 ms - 0[0m
[0mOPTIONS /empresa [32m200[0m 0.031 ms - 0[0m
[0mGET /productos [36m304[0m 5.536 ms - -[0m
[0mGET /clientes [36m304[0m 4.480 ms - -[0m
[0mGET /empresa [36m304[0m 4.461 ms - -[0m
[0mOPTIONS /clientes [32m200[0m 0.105 ms - 0[0m
[0mGET /clientes [36m304[0m 3.426 ms - -[0m
[0mOPTIONS /productos [32m200[0m 0.076 ms - 0[0m
[0mGET /productos [36m304[0m 130.862 ms - -[0m
[0mOPTIONS /movimientos/recientes [32m200[0m 0.050 ms - 0[0m
[0mGET /movimientos/recientes [36m304[0m 4.211 ms - -[0m
[0mGET /productos [36m304[0m 3.039 ms - -[0m
[0mOPTIONS /movimientos [32m200[0m 0.098 ms - 0[0m
[0mOPTIONS /productos [32m200[0m 0.054 ms - 0[0m
[0mGET /movimientos [36m304[0m 5.858 ms - -[0m
[0mGET /productos [36m304[0m 7.023 ms - -[0m
[0mOPTIONS /clientes [32m200[0m 0.078 ms - 0[0m
[0mOPTIONS /empresa [32m200[0m 0.087 ms - 0[0m
[0mGET /productos [36m304[0m 5.693 ms - -[0m
[0mGET /clientes [36m304[0m 6.313 ms - -[0m
[0mGET /empresa [36m304[0m 7.274 ms - -[0m
[0mGET /movimientos [36m304[0m 4.342 ms - -[0m
[0mGET /productos [36m304[0m 4.374 ms - -[0m
[0mOPTIONS /clientes [32m200[0m 0.043 ms - 0[0m
[0mOPTIONS /productos [32m200[0m 0.047 ms - 0[0m
[0mOPTIONS /empresa [32m200[0m 0.037 ms - 0[0m
[0mGET /clientes [36m304[0m 6.366 ms - -[0m
[0mGET /productos [36m304[0m 5.454 ms - -[0m
[0mGET /empresa [36m304[0m 5.065 ms - -[0m
[0mOPTIONS /empresa [32m200[0m 0.046 ms - 0[0m
[0mGET /empresa [36m304[0m 4.871 ms - -[0m
[0mOPTIONS /empresa [32m200[0m 0.043 ms - 0[0m
[0mPUT /empresa [32m200[0m 13.196 ms - 167[0m
[0mOPTIONS /auth [32m200[0m 0.045 ms - 0[0m
[0mGET /auth [36m304[0m 4.534 ms - -[0m
[0mOPTIONS /empresa [32m200[0m 0.042 ms - 0[0m
[0mGET /empresa [32m200[0m 3.280 ms - 167[0m
[0mGET /auth [36m304[0m 2.617 ms - -[0m
[0mGET /empresa [36m304[0m 2.783 ms - -[0m
[0mOPTIONS /auth [32m200[0m 0.046 ms - 0[0m
[0mGET /auth [36m304[0m 3.284 ms - -[0m
[0mOPTIONS /reportes/stock [32m200[0m 0.045 ms - 0[0m
[0mGET /reportes/stock [36m304[0m 8.262 ms - -[0m
[0mOPTIONS /productos [32m200[0m 0.052 ms - 0[0m
[0mGET /productos [36m304[0m 3.539 ms - -[0m
[0mOPTIONS /reportes/movimientos?fechaInicio=2026-02-04&fechaFin=2026-03-04 [32m200[0m 0.039 ms - 0[0m
[0mGET /reportes/movimientos?fechaInicio=2026-02-04&fechaFin=2026-03-04 [36m304[0m 4.805 ms - -[0m
[0mOPTIONS /clientes [32m200[0m 0.042 ms - 0[0m
[0mGET /clientes [36m304[0m 3.620 ms - -[0m
[0mOPTIONS /clientes [32m200[0m 0.044 ms - 0[0m
[0mPOST /clientes [32m201[0m 142.962 ms - 189[0m
[0mGET /clientes [32m200[0m 4.097 ms - 191[0m
[0mOPTIONS /clientes [32m200[0m 0.057 ms - 0[0m
[0mOPTIONS /productos [32m200[0m 0.036 ms - 0[0m
[0mOPTIONS /empresa [32m200[0m 0.023 ms - 0[0m
[0mGET /clientes [36m304[0m 4.155 ms - -[0m
[0mGET /productos [36m304[0m 6.016 ms - -[0m
[0mGET /empresa [36m304[0m 7.444 ms - -[0m
[0mOPTIONS /productos [32m200[0m 0.059 ms - 0[0m
[0mGET /productos [36m304[0m 2.430 ms - -[0m
[0mOPTIONS /productos [32m200[0m 0.069 ms - 0[0m
[0mGET /productos [36m304[0m 8.723 ms - -[0m
[0mOPTIONS /productos/crear [32m200[0m 0.048 ms - 0[0m
[0mPOST /productos/crear [32m200[0m 8.956 ms - 149[0m
[0mOPTIONS /clientes [32m200[0m 0.063 ms - 0[0m
[0mOPTIONS /productos [32m200[0m 0.062 ms - 0[0m
[0mOPTIONS /empresa [32m200[0m 0.034 ms - 0[0m
[0mGET /clientes [36m304[0m 5.106 ms - -[0m
[0mGET /productos [32m200[0m 7.913 ms - 456[0m
[0mGET /empresa [36m304[0m 9.793 ms - -[0m
[0mOPTIONS /productos [32m200[0m 0.042 ms - 0[0m
[0mGET /productos [36m304[0m 3.298 ms - -[0m
[0mOPTIONS /movimientos [32m200[0m 0.055 ms - 0[0m
[0mGET /productos [36m304[0m 2.851 ms - -[0m
[0mGET /movimientos [36m304[0m 3.272 ms - -[0m
[0mOPTIONS /movimientos/registrar [32m200[0m 0.059 ms - 0[0m
[0mPOST /movimientos/registrar [33m400[0m 11.249 ms - 73[0m
[0mOPTIONS /productos [32m200[0m 0.060 ms - 0[0m
[0mGET /productos [36m304[0m 3.326 ms - -[0m
[0mOPTIONS /movimientos/recientes [32m200[0m 0.071 ms - 0[0m
[0mGET /movimientos/recientes [36m304[0m 5.262 ms - -[0m
[0mOPTIONS /empresa [32m200[0m 0.043 ms - 0[0m
[0mGET /empresa [36m304[0m 3.995 ms - -[0m
[0mOPTIONS /productos [32m200[0m 0.039 ms - 0[0m
[0mGET /productos [36m304[0m 3.213 ms - -[0m
[0mOPTIONS /movimientos/recientes [32m200[0m 0.040 ms - 0[0m
[0mGET /movimientos/recientes [36m304[0m 2.697 ms - -[0m
[0mGET /productos [36m304[0m 5.435 ms - -[0m
[0mOPTIONS /productos [32m200[0m 0.051 ms - 0[0m
[0mGET /productos [36m304[0m 5.396 ms - -[0m
[0mOPTIONS /movimientos/recientes [32m200[0m 0.040 ms - 0[0m
[0mGET /movimientos/recientes [36m304[0m 5.829 ms - -[0m
[0mGET /productos [36m304[0m 2.838 ms - -[0m
[0mOPTIONS /movimientos [32m200[0m 0.060 ms - 0[0m
[0mOPTIONS /productos [32m200[0m 0.036 ms - 0[0m
[0mGET /movimientos [36m304[0m 5.907 ms - -[0m
[0mGET /productos [36m304[0m 6.003 ms - -[0m
[0mOPTIONS /clientes [32m200[0m 0.043 ms - 0[0m
[0mOPTIONS /productos [32m200[0m 0.043 ms - 0[0m
[0mOPTIONS /empresa [32m200[0m 0.026 ms - 0[0m
[0mGET /productos [36m304[0m 3.700 ms - -[0m
[0mGET /clientes [36m304[0m 6.889 ms - -[0m
[0mGET /empresa [36m304[0m 6.093 ms - -[0m
[0mOPTIONS /movimientos [32m200[0m 0.045 ms - 0[0m
[0mGET /productos [36m304[0m 3.210 ms - -[0m
[0mGET /movimientos [36m304[0m 2.923 ms - -[0m
[0mGET /clientes [36m304[0m 2.471 ms - -[0m
[0mOPTIONS /clientes [32m200[0m 0.082 ms - 0[0m
[0mOPTIONS /productos [32m200[0m 0.064 ms - 0[0m
[0mOPTIONS /empresa [32m200[0m 0.042 ms - 0[0m
[0mGET /clientes [36m304[0m 3.992 ms - -[0m
[0mGET /productos [36m304[0m 4.042 ms - -[0m
[0mGET /empresa [36m304[0m 4.789 ms - -[0m
[0mGET /productos [36m304[0m 2.492 ms - -[0m
[0mOPTIONS /movimientos/recientes [32m200[0m 0.035 ms - 0[0m
[0mGET /movimientos/recientes [36m304[0m 2.979 ms - -[0m
[0mOPTIONS /clientes [32m200[0m 0.047 ms - 0[0m
[0mOPTIONS /productos [32m200[0m 0.025 ms - 0[0m
[0mOPTIONS /empresa [32m200[0m 0.024 ms - 0[0m
[0mGET /clientes [36m304[0m 4.068 ms - -[0m
[0mGET /productos [36m304[0m 3.396 ms - -[0m
[0mGET /empresa [36m304[0m 3.226 ms - -[0m
[0mOPTIONS /reportes/stock [32m200[0m 0.043 ms - 0[0m
[0mGET /reportes/stock [32m200[0m 7.480 ms - 144[0m
[0mOPTIONS /productos [32m200[0m 0.068 ms - 0[0m
[0mGET /productos [36m304[0m 2.856 ms - -[0m
[0mOPTIONS /reportes/movimientos?fechaInicio=2026-02-04&fechaFin=2026-03-04 [32m200[0m 0.032 ms - 0[0m
[0mGET /reportes/movimientos?fechaInicio=2026-02-04&fechaFin=2026-03-04 [36m304[0m 4.797 ms - -[0m
[0mOPTIONS /clientes [32m200[0m 0.063 ms - 0[0m
[0mGET /clientes [36m304[0m 3.221 ms - -[0m
[0mOPTIONS /empresa [32m200[0m 0.043 ms - 0[0m
[0mGET /clientes [36m304[0m 4.375 ms - -[0m
[0mGET /productos [36m304[0m 4.247 ms - -[0m
[0mGET /empresa [36m304[0m 3.524 ms - -[0m
[0mOPTIONS /movimientos [32m200[0m 0.059 ms - 0[0m
[0mGET /productos [36m304[0m 2.655 ms - -[0m
[0mGET /movimientos [36m304[0m 2.377 ms - -[0m
[0mGET /productos [36m304[0m 3.773 ms - -[0m
[0mOPTIONS /productos [32m200[0m 0.053 ms - 0[0m
[0mGET /productos [36m304[0m 2.758 ms - -[0m
[0mOPTIONS /movimientos/recientes [32m200[0m 0.039 ms - 0[0m
[0mGET /movimientos/recientes [36m304[0m 5.159 ms - -[0m
[0mGET /productos [36m304[0m 3.387 ms - -[0m
[0mOPTIONS /movimientos [32m200[0m 0.045 ms - 0[0m
[0mOPTIONS /productos [32m200[0m 0.034 ms - 0[0m
[0mGET /movimientos [36m304[0m 3.806 ms - -[0m
[0mGET /productos [36m304[0m 3.314 ms - -[0m
[0mOPTIONS /clientes [32m200[0m 0.082 ms - 0[0m
[0mGET /clientes [36m304[0m 2.177 ms - -[0m
[0mOPTIONS /reportes/stock [32m200[0m 0.043 ms - 0[0m
[0mGET /reportes/stock [36m304[0m 2.406 ms - -[0m
[0mGET /productos [36m304[0m 1.764 ms - -[0m
[0mOPTIONS /reportes/movimientos?fechaInicio=2026-02-04&fechaFin=2026-03-04 [32m200[0m 0.032 ms - 0[0m
[0mGET /reportes/movimientos?fechaInicio=2026-02-04&fechaFin=2026-03-04 [33m429[0m 0.624 ms - 87[0m
[0mOPTIONS /auth [32m200[0m 0.055 ms - 0[0m
[0mGET /auth [33m429[0m 0.301 ms - 87[0m
[0mOPTIONS /empresa [32m200[0m 0.040 ms - 0[0m
[0mGET /empresa [33m429[0m 0.361 ms - 87[0m
[0mOPTIONS /productos [32m200[0m 0.059 ms - 0[0m
[0mGET /productos [33m429[0m 0.370 ms - 87[0m
[0mGET /productos [33m429[0m 0.462 ms - 87[0m
[0mOPTIONS /productos [32m200[0m 0.094 ms - 0[0m
[0mGET /productos [33m429[0m 0.349 ms - 87[0m
[0mOPTIONS /movimientos [32m200[0m 0.045 ms - 0[0m
[0mGET /productos [33m429[0m 0.312 ms - 87[0m
[0mGET /movimientos [33m429[0m 0.209 ms - 87[0m
[0mGET /productos [33m429[0m 0.357 ms - 87[0m
[0mOPTIONS /productos [32m200[0m 0.099 ms - 0[0m
[0mGET /productos [32m200[0m 146.521 ms - 501[0m
[0mOPTIONS /movimientos/recientes [32m200[0m 0.055 ms - 0[0m
[0mGET /movimientos/recientes [36m304[0m 4.092 ms - -[0m
[0mGET /productos [36m304[0m 4.107 ms - -[0m
[0mOPTIONS /movimientos [32m200[0m 0.055 ms - 0[0m
[0mGET /productos [36m304[0m 4.475 ms - -[0m
[0mGET /movimientos [32m200[0m 5.491 ms - 353[0m
[0mOPTIONS /clientes [32m200[0m 0.063 ms - 0[0m
[0mOPTIONS /productos [32m200[0m 0.036 ms - 0[0m
[0mOPTIONS /empresa [32m200[0m 0.030 ms - 0[0m
[0mGET /productos [36m304[0m 3.885 ms - -[0m
[0mGET /clientes [32m200[0m 6.715 ms - 206[0m
[0mGET /empresa [32m200[0m 6.950 ms - 167[0m
[0mGET /clientes [36m304[0m 2.862 ms - -[0m
[0mOPTIONS /reportes/stock [32m200[0m 0.042 ms - 0[0m
[0mGET /reportes/stock [36m304[0m 6.196 ms - -[0m
[0mGET /productos [36m304[0m 2.048 ms - -[0m
[0mOPTIONS /reportes/movimientos?fechaInicio=2026-02-04&fechaFin=2026-03-04 [32m200[0m 0.052 ms - 0[0m
[0mGET /reportes/movimientos?fechaInicio=2026-02-04&fechaFin=2026-03-04 [32m200[0m 4.590 ms - 281[0m
[0mOPTIONS /auth [32m200[0m 0.043 ms - 0[0m
[0mGET /auth [32m200[0m 3.493 ms - 143[0m
[0mGET /empresa [36m304[0m 2.266 ms - -[0m
[0mOPTIONS /empresa [32m200[0m 0.081 ms - 0[0m
[0mOPTIONS /productos [32m200[0m 0.035 ms - 0[0m
[0mGET /empresa [36m304[0m 5.703 ms - -[0m
[0mGET /productos [36m304[0m 4.634 ms - -[0m
[0mOPTIONS /movimientos/recientes [32m200[0m 0.042 ms - 0[0m
[0mGET /movimientos/recientes [36m304[0m 7.134 ms - -[0m
[0mGET /productos [36m304[0m 3.487 ms - -[0m
[0mOPTIONS /movimientos [32m200[0m 0.066 ms - 0[0m
[0mGET /productos [36m304[0m 2.706 ms - -[0m
[0mGET /movimientos [36m304[0m 2.713 ms - -[0m
[0mOPTIONS /clientes [32m200[0m 0.044 ms - 0[0m
[0mGET /productos [36m304[0m 5.526 ms - -[0m
[0mGET /empresa [36m304[0m 5.771 ms - -[0m
[0mGET /clientes [36m304[0m 5.653 ms - -[0m
[0mOPTIONS /clientes [32m200[0m 0.049 ms - 0[0m
[0mOPTIONS /productos [32m200[0m 0.046 ms - 0[0m
[0mOPTIONS /empresa [32m200[0m 0.023 ms - 0[0m
[0mGET /clientes [36m304[0m 173.404 ms - -[0m
[0mGET /productos [36m304[0m 173.194 ms - -[0m
[0mGET /empresa [36m304[0m 174.063 ms - -[0m
[0mGET /productos [36m304[0m 2.577 ms - -[0m
[0mOPTIONS /movimientos [32m200[0m 0.064 ms - 0[0m
[0mOPTIONS /productos [32m200[0m 0.056 ms - 0[0m
[0mGET /movimientos [36m304[0m 3.770 ms - -[0m
[0mGET /productos [36m304[0m 3.112 ms - -[0m
[0mOPTIONS /clientes [32m200[0m 0.045 ms - 0[0m
[0mOPTIONS /empresa [32m200[0m 0.051 ms - 0[0m
[0mGET /clientes [36m304[0m 3.673 ms - -[0m
[0mGET /productos [36m304[0m 3.129 ms - -[0m
[0mGET /empresa [36m304[0m 2.471 ms - -[0m
[0mOPTIONS /auth/register [32m200[0m 0.147 ms - 0[0m
[0mPOST /auth/register [33m400[0m 334.928 ms - 132[0m
[0mOPTIONS /auth/register [32m200[0m 0.105 ms - 0[0m
[0mPOST /auth/register [33m400[0m 223.796 ms - 132[0m
[0mOPTIONS /auth/register [32m200[0m 0.069 ms - 0[0m
[0mPOST /auth/register [33m400[0m 86.221 ms - 132[0m
[0mOPTIONS /auth/register [32m200[0m 0.086 ms - 0[0m
[0mPOST /auth/register [33m400[0m 81.450 ms - 132[0m
[0mOPTIONS /auth/register [32m200[0m 0.122 ms - 0[0m
[0mPOST /auth/register [33m400[0m 264.567 ms - 132[0m
[0mOPTIONS /auth/register [32m200[0m 0.061 ms - 0[0m
[0mPOST /auth/register [33m400[0m 257.477 ms - 132[0m
[0mOPTIONS /auth/register [32m200[0m 0.089 ms - 0[0m
[0mPOST /auth/register [33m400[0m 192.763 ms - 132[0m
[0mPOST /auth/register [33m400[0m 69.889 ms - 132[0m
[0mPOST /api/auth/register [33m404[0m 1.087 ms - 157[0m
[0mPOST /auth/register [33m400[0m 195.314 ms - 132[0m
[0mPOST /auth/register [33m400[0m 64.353 ms - 132[0m
[0mPOST /auth/register [33m400[0m 65.486 ms - 132[0m
[0mPOST /auth/register [33m400[0m 239.060 ms - 132[0m
[0mPOST /auth/register [33m400[0m 192.174 ms - 132[0m
